000 (4384747.000.000) 08/21 16:19:40 Job submitted from host: <172.16.173.121:9618?addrs=172.16.173.121-9618&noUDP&sock=6288_9f9b_4>
    DAG Node: heffect_temp_absorption_lower
...
000 (4384748.000.000) 08/21 16:19:40 Job submitted from host: <172.16.173.121:9618?addrs=172.16.173.121-9618&noUDP&sock=6288_9f9b_4>
    DAG Node: heffect_temp_absorption_upper
...
000 (4384749.000.000) 08/21 16:19:40 Job submitted from host: <172.16.173.121:9618?addrs=172.16.173.121-9618&noUDP&sock=6288_9f9b_4>
    DAG Node: heffect_temp_axm_qe_lower
...
000 (4384750.000.000) 08/21 16:19:41 Job submitted from host: <172.16.173.121:9618?addrs=172.16.173.121-9618&noUDP&sock=6288_9f9b_4>
    DAG Node: heffect_temp_axm_qe_upper
...
000 (4384751.000.000) 08/21 16:19:41 Job submitted from host: <172.16.173.121:9618?addrs=172.16.173.121-9618&noUDP&sock=6288_9f9b_4>
    DAG Node: heffect_temp_axm_res_lower
...
001 (4384748.000.000) 08/21 16:19:44 Job executing on host: <172.16.173.97:9618?addrs=172.16.173.97-9618&noUDP&sock=1749_3f3b_3>
...
001 (4384750.000.000) 08/21 16:19:44 Job executing on host: <172.16.173.96:9618?addrs=172.16.173.96-9618&noUDP&sock=1782_e1db_3>
...
001 (4384747.000.000) 08/21 16:19:44 Job executing on host: <172.16.173.89:9618?addrs=172.16.173.89-9618&noUDP&sock=1739_6348_3>
...
001 (4384749.000.000) 08/21 16:19:44 Job executing on host: <172.16.173.7:9618?addrs=172.16.173.7-9618&noUDP&sock=2637_5754_3>
...
001 (4384751.000.000) 08/21 16:19:44 Job executing on host: <172.16.173.7:9618?addrs=172.16.173.7-9618&noUDP&sock=2637_5754_3>
...
000 (4384752.000.000) 08/21 16:19:46 Job submitted from host: <172.16.173.121:9618?addrs=172.16.173.121-9618&noUDP&sock=6288_9f9b_4>
    DAG Node: heffect_temp_axm_res_upper
...
000 (4384753.000.000) 08/21 16:19:46 Job submitted from host: <172.16.173.121:9618?addrs=172.16.173.121-9618&noUDP&sock=6288_9f9b_4>
    DAG Node: heffect_temp_barr_nubar_ratio_lower
...
000 (4384754.000.000) 08/21 16:19:46 Job submitted from host: <172.16.173.121:9618?addrs=172.16.173.121-9618&noUDP&sock=6288_9f9b_4>
    DAG Node: heffect_temp_barr_nubar_ratio_upper
...
000 (4384755.000.000) 08/21 16:19:46 Job submitted from host: <172.16.173.121:9618?addrs=172.16.173.121-9618&noUDP&sock=6288_9f9b_4>
    DAG Node: heffect_temp_barr_uphor_ratio_lower
...
000 (4384756.000.000) 08/21 16:19:46 Job submitted from host: <172.16.173.121:9618?addrs=172.16.173.121-9618&noUDP&sock=6288_9f9b_4>
    DAG Node: heffect_temp_barr_uphor_ratio_upper
...
000 (4384757.000.000) 08/21 16:19:51 Job submitted from host: <172.16.173.121:9618?addrs=172.16.173.121-9618&noUDP&sock=6288_9f9b_4>
    DAG Node: heffect_temp_coin_lower
...
000 (4384758.000.000) 08/21 16:19:51 Job submitted from host: <172.16.173.121:9618?addrs=172.16.173.121-9618&noUDP&sock=6288_9f9b_4>
    DAG Node: heffect_temp_coin_upper
...
000 (4384759.000.000) 08/21 16:19:51 Job submitted from host: <172.16.173.121:9618?addrs=172.16.173.121-9618&noUDP&sock=6288_9f9b_4>
    DAG Node: heffect_temp_dm31_lower
...
000 (4384760.000.000) 08/21 16:19:51 Job submitted from host: <172.16.173.121:9618?addrs=172.16.173.121-9618&noUDP&sock=6288_9f9b_4>
    DAG Node: heffect_temp_dm31_upper
...
000 (4384761.000.000) 08/21 16:19:51 Job submitted from host: <172.16.173.121:9618?addrs=172.16.173.121-9618&noUDP&sock=6288_9f9b_4>
    DAG Node: heffect_temp_domeff_lower
...
000 (4384762.000.000) 08/21 16:19:56 Job submitted from host: <172.16.173.121:9618?addrs=172.16.173.121-9618&noUDP&sock=6288_9f9b_4>
    DAG Node: heffect_temp_domeff_upper
...
000 (4384763.000.000) 08/21 16:19:56 Job submitted from host: <172.16.173.121:9618?addrs=172.16.173.121-9618&noUDP&sock=6288_9f9b_4>
    DAG Node: heffect_temp_forward_lower
...
000 (4384764.000.000) 08/21 16:19:56 Job submitted from host: <172.16.173.121:9618?addrs=172.16.173.121-9618&noUDP&sock=6288_9f9b_4>
    DAG Node: heffect_temp_forward_upper
...
000 (4384765.000.000) 08/21 16:19:56 Job submitted from host: <172.16.173.121:9618?addrs=172.16.173.121-9618&noUDP&sock=6288_9f9b_4>
    DAG Node: heffect_temp_gamma_lower
...
000 (4384766.000.000) 08/21 16:19:56 Job submitted from host: <172.16.173.121:9618?addrs=172.16.173.121-9618&noUDP&sock=6288_9f9b_4>
    DAG Node: heffect_temp_gamma_upper
...
000 (4384767.000.000) 08/21 16:20:01 Job submitted from host: <172.16.173.121:9618?addrs=172.16.173.121-9618&noUDP&sock=6288_9f9b_4>
    DAG Node: heffect_temp_holeice_lower
...
000 (4384768.000.000) 08/21 16:20:01 Job submitted from host: <172.16.173.121:9618?addrs=172.16.173.121-9618&noUDP&sock=6288_9f9b_4>
    DAG Node: heffect_temp_holeice_upper
...
000 (4384769.000.000) 08/21 16:20:01 Job submitted from host: <172.16.173.121:9618?addrs=172.16.173.121-9618&noUDP&sock=6288_9f9b_4>
    DAG Node: heffect_temp_muon_flux_lower
...
000 (4384770.000.000) 08/21 16:20:01 Job submitted from host: <172.16.173.121:9618?addrs=172.16.173.121-9618&noUDP&sock=6288_9f9b_4>
    DAG Node: heffect_temp_muon_flux_upper
...
000 (4384771.000.000) 08/21 16:20:01 Job submitted from host: <172.16.173.121:9618?addrs=172.16.173.121-9618&noUDP&sock=6288_9f9b_4>
    DAG Node: heffect_temp_norm_atmmu_lower
...
001 (4384754.000.000) 08/21 16:20:05 Job executing on host: <172.16.173.7:9618?addrs=172.16.173.7-9618&noUDP&sock=2637_5754_3>
...
001 (4384756.000.000) 08/21 16:20:05 Job executing on host: <172.16.173.7:9618?addrs=172.16.173.7-9618&noUDP&sock=2637_5754_3>
...
001 (4384753.000.000) 08/21 16:20:05 Job executing on host: <172.16.173.97:9618?addrs=172.16.173.97-9618&noUDP&sock=1749_3f3b_3>
...
001 (4384757.000.000) 08/21 16:20:05 Job executing on host: <172.16.173.97:9618?addrs=172.16.173.97-9618&noUDP&sock=1749_3f3b_3>
...
001 (4384755.000.000) 08/21 16:20:05 Job executing on host: <172.16.173.96:9618?addrs=172.16.173.96-9618&noUDP&sock=1782_e1db_3>
...
001 (4384758.000.000) 08/21 16:20:05 Job executing on host: <172.16.173.7:9618?addrs=172.16.173.7-9618&noUDP&sock=2637_5754_3>
...
001 (4384752.000.000) 08/21 16:20:05 Job executing on host: <172.16.173.89:9618?addrs=172.16.173.89-9618&noUDP&sock=1739_6348_3>
...
001 (4384761.000.000) 08/21 16:20:05 Job executing on host: <172.16.173.96:9618?addrs=172.16.173.96-9618&noUDP&sock=1782_e1db_3>
...
001 (4384759.000.000) 08/21 16:20:05 Job executing on host: <172.16.173.89:9618?addrs=172.16.173.89-9618&noUDP&sock=1739_6348_3>
...
001 (4384762.000.000) 08/21 16:20:05 Job executing on host: <172.16.173.7:9618?addrs=172.16.173.7-9618&noUDP&sock=2637_5754_3>
...
001 (4384764.000.000) 08/21 16:20:05 Job executing on host: <172.16.173.96:9618?addrs=172.16.173.96-9618&noUDP&sock=1782_e1db_3>
...
001 (4384766.000.000) 08/21 16:20:05 Job executing on host: <172.16.173.7:9618?addrs=172.16.173.7-9618&noUDP&sock=2637_5754_3>
...
001 (4384765.000.000) 08/21 16:20:05 Job executing on host: <172.16.173.97:9618?addrs=172.16.173.97-9618&noUDP&sock=1749_3f3b_3>
...
001 (4384770.000.000) 08/21 16:20:05 Job executing on host: <172.16.173.7:9618?addrs=172.16.173.7-9618&noUDP&sock=2637_5754_3>
...
001 (4384769.000.000) 08/21 16:20:05 Job executing on host: <172.16.173.97:9618?addrs=172.16.173.97-9618&noUDP&sock=1749_3f3b_3>
...
001 (4384767.000.000) 08/21 16:20:05 Job executing on host: <172.16.173.96:9618?addrs=172.16.173.96-9618&noUDP&sock=1782_e1db_3>
...
001 (4384763.000.000) 08/21 16:20:05 Job executing on host: <172.16.173.89:9618?addrs=172.16.173.89-9618&noUDP&sock=1739_6348_3>
...
001 (4384771.000.000) 08/21 16:20:05 Job executing on host: <172.16.173.96:9618?addrs=172.16.173.96-9618&noUDP&sock=1782_e1db_3>
...
001 (4384768.000.000) 08/21 16:20:05 Job executing on host: <172.16.173.89:9618?addrs=172.16.173.89-9618&noUDP&sock=1739_6348_3>
...
001 (4384760.000.000) 08/21 16:20:05 Job executing on host: <172.16.173.97:9618?addrs=172.16.173.97-9618&noUDP&sock=1749_3f3b_3>
...
000 (4384772.000.000) 08/21 16:20:06 Job submitted from host: <172.16.173.121:9618?addrs=172.16.173.121-9618&noUDP&sock=6288_9f9b_4>
    DAG Node: heffect_temp_norm_atmmu_upper
...
000 (4384773.000.000) 08/21 16:20:06 Job submitted from host: <172.16.173.121:9618?addrs=172.16.173.121-9618&noUDP&sock=6288_9f9b_4>
    DAG Node: heffect_temp_norm_nc_lower
...
000 (4384774.000.000) 08/21 16:20:06 Job submitted from host: <172.16.173.121:9618?addrs=172.16.173.121-9618&noUDP&sock=6288_9f9b_4>
    DAG Node: heffect_temp_norm_nc_upper
...
000 (4384775.000.000) 08/21 16:20:06 Job submitted from host: <172.16.173.121:9618?addrs=172.16.173.121-9618&noUDP&sock=6288_9f9b_4>
    DAG Node: heffect_temp_norm_numu_lower
...
000 (4384776.000.000) 08/21 16:20:06 Job submitted from host: <172.16.173.121:9618?addrs=172.16.173.121-9618&noUDP&sock=6288_9f9b_4>
    DAG Node: heffect_temp_norm_numu_upper
...
000 (4384777.000.000) 08/21 16:20:11 Job submitted from host: <172.16.173.121:9618?addrs=172.16.173.121-9618&noUDP&sock=6288_9f9b_4>
    DAG Node: heffect_temp_nue_numu_ratio_lower
...
000 (4384778.000.000) 08/21 16:20:11 Job submitted from host: <172.16.173.121:9618?addrs=172.16.173.121-9618&noUDP&sock=6288_9f9b_4>
    DAG Node: heffect_temp_nue_numu_ratio_upper
...
000 (4384779.000.000) 08/21 16:20:11 Job submitted from host: <172.16.173.121:9618?addrs=172.16.173.121-9618&noUDP&sock=6288_9f9b_4>
    DAG Node: heffect_temp_scattering_lower
...
000 (4384780.000.000) 08/21 16:20:12 Job submitted from host: <172.16.173.121:9618?addrs=172.16.173.121-9618&noUDP&sock=6288_9f9b_4>
    DAG Node: heffect_temp_scattering_upper
...
000 (4384781.000.000) 08/21 16:20:12 Job submitted from host: <172.16.173.121:9618?addrs=172.16.173.121-9618&noUDP&sock=6288_9f9b_4>
    DAG Node: heffect_temp_theta23_lower
...
000 (4384782.000.000) 08/21 16:20:17 Job submitted from host: <172.16.173.121:9618?addrs=172.16.173.121-9618&noUDP&sock=6288_9f9b_4>
    DAG Node: heffect_temp_theta23_upper
...
001 (4384774.000.000) 08/21 16:20:25 Job executing on host: <172.16.173.7:9618?addrs=172.16.173.7-9618&noUDP&sock=2637_5754_3>
...
001 (4384776.000.000) 08/21 16:20:25 Job executing on host: <172.16.173.7:9618?addrs=172.16.173.7-9618&noUDP&sock=2637_5754_3>
...
001 (4384775.000.000) 08/21 16:20:25 Job executing on host: <172.16.173.96:9618?addrs=172.16.173.96-9618&noUDP&sock=1782_e1db_3>
...
001 (4384773.000.000) 08/21 16:20:25 Job executing on host: <172.16.173.97:9618?addrs=172.16.173.97-9618&noUDP&sock=1749_3f3b_3>
...
001 (4384778.000.000) 08/21 16:20:25 Job executing on host: <172.16.173.96:9618?addrs=172.16.173.96-9618&noUDP&sock=1782_e1db_3>
...
001 (4384780.000.000) 08/21 16:20:25 Job executing on host: <172.16.173.7:9618?addrs=172.16.173.7-9618&noUDP&sock=2637_5754_3>
...
001 (4384777.000.000) 08/21 16:20:25 Job executing on host: <172.16.173.97:9618?addrs=172.16.173.97-9618&noUDP&sock=1749_3f3b_3>
...
001 (4384772.000.000) 08/21 16:20:25 Job executing on host: <172.16.173.89:9618?addrs=172.16.173.89-9618&noUDP&sock=1739_6348_3>
...
001 (4384781.000.000) 08/21 16:20:25 Job executing on host: <172.16.173.96:9618?addrs=172.16.173.96-9618&noUDP&sock=1782_e1db_3>
...
001 (4384779.000.000) 08/21 16:20:25 Job executing on host: <172.16.173.89:9618?addrs=172.16.173.89-9618&noUDP&sock=1739_6348_3>
...
001 (4384782.000.000) 08/21 16:20:25 Job executing on host: <172.16.173.97:9618?addrs=172.16.173.97-9618&noUDP&sock=1749_3f3b_3>
...
005 (4384757.000.000) 08/21 16:22:57 Job terminated.
	(1) Normal termination (return value 0)
		Usr 0 00:02:47, Sys 0 00:00:04  -  Run Remote Usage
		Usr 0 00:00:00, Sys 0 00:00:00  -  Run Local Usage
		Usr 0 00:02:47, Sys 0 00:00:04  -  Total Remote Usage
		Usr 0 00:00:00, Sys 0 00:00:00  -  Total Local Usage
	0  -  Run Bytes Sent By Job
	0  -  Run Bytes Received By Job
	0  -  Total Bytes Sent By Job
	0  -  Total Bytes Received By Job
	Partitionable Resources :    Usage  Request Allocated
	   Cpus                 :                 1         1
	   Disk (KB)            :       10       10   9033543
	   Memory (MB)          :      685     3000      3000
...
005 (4384750.000.000) 08/21 16:23:35 Job terminated.
	(1) Normal termination (return value 0)
		Usr 0 00:03:45, Sys 0 00:00:04  -  Run Remote Usage
		Usr 0 00:00:00, Sys 0 00:00:00  -  Run Local Usage
		Usr 0 00:03:45, Sys 0 00:00:04  -  Total Remote Usage
		Usr 0 00:00:00, Sys 0 00:00:00  -  Total Local Usage
	0  -  Run Bytes Sent By Job
	0  -  Run Bytes Received By Job
	0  -  Total Bytes Sent By Job
	0  -  Total Bytes Received By Job
	Partitionable Resources :    Usage  Request Allocated
	   Cpus                 :                 1         1
	   Disk (KB)            :       10       10   9027616
	   Memory (MB)          :      684     3000      3000
...
005 (4384748.000.000) 08/21 16:23:37 Job terminated.
	(1) Normal termination (return value 0)
		Usr 0 00:03:46, Sys 0 00:00:03  -  Run Remote Usage
		Usr 0 00:00:00, Sys 0 00:00:00  -  Run Local Usage
		Usr 0 00:03:46, Sys 0 00:00:03  -  Total Remote Usage
		Usr 0 00:00:00, Sys 0 00:00:00  -  Total Local Usage
	0  -  Run Bytes Sent By Job
	0  -  Run Bytes Received By Job
	0  -  Total Bytes Sent By Job
	0  -  Total Bytes Received By Job
	Partitionable Resources :    Usage  Request Allocated
	   Cpus                 :                 1         1
	   Disk (KB)            :       10       10   9033543
	   Memory (MB)          :      684     3000      3000
...
005 (4384765.000.000) 08/21 16:23:48 Job terminated.
	(1) Normal termination (return value 0)
		Usr 0 00:03:37, Sys 0 00:00:04  -  Run Remote Usage
		Usr 0 00:00:00, Sys 0 00:00:00  -  Run Local Usage
		Usr 0 00:03:37, Sys 0 00:00:04  -  Total Remote Usage
		Usr 0 00:00:00, Sys 0 00:00:00  -  Total Local Usage
	0  -  Run Bytes Sent By Job
	0  -  Run Bytes Received By Job
	0  -  Total Bytes Sent By Job
	0  -  Total Bytes Received By Job
	Partitionable Resources :    Usage  Request Allocated
	   Cpus                 :                 1         1
	   Disk (KB)            :       10       10   9033543
	   Memory (MB)          :      685     3000      3000
...
005 (4384760.000.000) 08/21 16:23:50 Job terminated.
	(1) Normal termination (return value 0)
		Usr 0 00:03:39, Sys 0 00:00:04  -  Run Remote Usage
		Usr 0 00:00:00, Sys 0 00:00:00  -  Run Local Usage
		Usr 0 00:03:39, Sys 0 00:00:04  -  Total Remote Usage
		Usr 0 00:00:00, Sys 0 00:00:00  -  Total Local Usage
	0  -  Run Bytes Sent By Job
	0  -  Run Bytes Received By Job
	0  -  Total Bytes Sent By Job
	0  -  Total Bytes Received By Job
	Partitionable Resources :    Usage  Request Allocated
	   Cpus                 :                 1         1
	   Disk (KB)            :       10       10   9033543
	   Memory (MB)          :      686     3000      3000
...
005 (4384769.000.000) 08/21 16:23:52 Job terminated.
	(1) Normal termination (return value 0)
		Usr 0 00:03:42, Sys 0 00:00:04  -  Run Remote Usage
		Usr 0 00:00:00, Sys 0 00:00:00  -  Run Local Usage
		Usr 0 00:03:42, Sys 0 00:00:04  -  Total Remote Usage
		Usr 0 00:00:00, Sys 0 00:00:00  -  Total Local Usage
	0  -  Run Bytes Sent By Job
	0  -  Run Bytes Received By Job
	0  -  Total Bytes Sent By Job
	0  -  Total Bytes Received By Job
	Partitionable Resources :    Usage  Request Allocated
	   Cpus                 :                 1         1
	   Disk (KB)            :       10       10   9033543
	   Memory (MB)          :      685     3000      3000
...
005 (4384753.000.000) 08/21 16:23:53 Job terminated.
	(1) Normal termination (return value 0)
		Usr 0 00:03:42, Sys 0 00:00:04  -  Run Remote Usage
		Usr 0 00:00:00, Sys 0 00:00:00  -  Run Local Usage
		Usr 0 00:03:42, Sys 0 00:00:04  -  Total Remote Usage
		Usr 0 00:00:00, Sys 0 00:00:00  -  Total Local Usage
	0  -  Run Bytes Sent By Job
	0  -  Run Bytes Received By Job
	0  -  Total Bytes Sent By Job
	0  -  Total Bytes Received By Job
	Partitionable Resources :    Usage  Request Allocated
	   Cpus                 :                 1         1
	   Disk (KB)            :       10       10   9033543
	   Memory (MB)          :      685     3000      3000
...
005 (4384771.000.000) 08/21 16:23:56 Job terminated.
	(1) Normal termination (return value 0)
		Usr 0 00:03:46, Sys 0 00:00:04  -  Run Remote Usage
		Usr 0 00:00:00, Sys 0 00:00:00  -  Run Local Usage
		Usr 0 00:03:46, Sys 0 00:00:04  -  Total Remote Usage
		Usr 0 00:00:00, Sys 0 00:00:00  -  Total Local Usage
	0  -  Run Bytes Sent By Job
	0  -  Run Bytes Received By Job
	0  -  Total Bytes Sent By Job
	0  -  Total Bytes Received By Job
	Partitionable Resources :    Usage  Request Allocated
	   Cpus                 :                 1         1
	   Disk (KB)            :       10       10   9027616
	   Memory (MB)          :      685     3000      3000
...
005 (4384764.000.000) 08/21 16:23:58 Job terminated.
	(1) Normal termination (return value 0)
		Usr 0 00:03:48, Sys 0 00:00:04  -  Run Remote Usage
		Usr 0 00:00:00, Sys 0 00:00:00  -  Run Local Usage
		Usr 0 00:03:48, Sys 0 00:00:04  -  Total Remote Usage
		Usr 0 00:00:00, Sys 0 00:00:00  -  Total Local Usage
	0  -  Run Bytes Sent By Job
	0  -  Run Bytes Received By Job
	0  -  Total Bytes Sent By Job
	0  -  Total Bytes Received By Job
	Partitionable Resources :    Usage  Request Allocated
	   Cpus                 :                 1         1
	   Disk (KB)            :       10       10   9027616
	   Memory (MB)          :      685     3000      3000
...
005 (4384761.000.000) 08/21 16:24:01 Job terminated.
	(1) Normal termination (return value 0)
		Usr 0 00:03:49, Sys 0 00:00:05  -  Run Remote Usage
		Usr 0 00:00:00, Sys 0 00:00:00  -  Run Local Usage
		Usr 0 00:03:49, Sys 0 00:00:05  -  Total Remote Usage
		Usr 0 00:00:00, Sys 0 00:00:00  -  Total Local Usage
	0  -  Run Bytes Sent By Job
	0  -  Run Bytes Received By Job
	0  -  Total Bytes Sent By Job
	0  -  Total Bytes Received By Job
	Partitionable Resources :    Usage  Request Allocated
	   Cpus                 :                 1         1
	   Disk (KB)            :       10       10   9027616
	   Memory (MB)          :      685     3000      3000
...
005 (4384767.000.000) 08/21 16:24:01 Job terminated.
	(1) Normal termination (return value 0)
		Usr 0 00:03:50, Sys 0 00:00:04  -  Run Remote Usage
		Usr 0 00:00:00, Sys 0 00:00:00  -  Run Local Usage
		Usr 0 00:03:50, Sys 0 00:00:04  -  Total Remote Usage
		Usr 0 00:00:00, Sys 0 00:00:00  -  Total Local Usage
	0  -  Run Bytes Sent By Job
	0  -  Run Bytes Received By Job
	0  -  Total Bytes Sent By Job
	0  -  Total Bytes Received By Job
	Partitionable Resources :    Usage  Request Allocated
	   Cpus                 :                 1         1
	   Disk (KB)            :       10       10   9027616
	   Memory (MB)          :      685     3000      3000
...
005 (4384755.000.000) 08/21 16:24:02 Job terminated.
	(1) Normal termination (return value 0)
		Usr 0 00:03:52, Sys 0 00:00:04  -  Run Remote Usage
		Usr 0 00:00:00, Sys 0 00:00:00  -  Run Local Usage
		Usr 0 00:03:52, Sys 0 00:00:04  -  Total Remote Usage
		Usr 0 00:00:00, Sys 0 00:00:00  -  Total Local Usage
	0  -  Run Bytes Sent By Job
	0  -  Run Bytes Received By Job
	0  -  Total Bytes Sent By Job
	0  -  Total Bytes Received By Job
	Partitionable Resources :    Usage  Request Allocated
	   Cpus                 :                 1         1
	   Disk (KB)            :       10       10   9027616
	   Memory (MB)          :      685     3000      3000
...
005 (4384782.000.000) 08/21 16:24:07 Job terminated.
	(1) Normal termination (return value 0)
		Usr 0 00:03:36, Sys 0 00:00:04  -  Run Remote Usage
		Usr 0 00:00:00, Sys 0 00:00:00  -  Run Local Usage
		Usr 0 00:03:36, Sys 0 00:00:04  -  Total Remote Usage
		Usr 0 00:00:00, Sys 0 00:00:00  -  Total Local Usage
	0  -  Run Bytes Sent By Job
	0  -  Run Bytes Received By Job
	0  -  Total Bytes Sent By Job
	0  -  Total Bytes Received By Job
	Partitionable Resources :    Usage  Request Allocated
	   Cpus                 :                 1         1
	   Disk (KB)            :       10       10   9033543
	   Memory (MB)          :      685     3000      3000
...
005 (4384777.000.000) 08/21 16:24:08 Job terminated.
	(1) Normal termination (return value 0)
		Usr 0 00:03:37, Sys 0 00:00:04  -  Run Remote Usage
		Usr 0 00:00:00, Sys 0 00:00:00  -  Run Local Usage
		Usr 0 00:03:37, Sys 0 00:00:04  -  Total Remote Usage
		Usr 0 00:00:00, Sys 0 00:00:00  -  Total Local Usage
	0  -  Run Bytes Sent By Job
	0  -  Run Bytes Received By Job
	0  -  Total Bytes Sent By Job
	0  -  Total Bytes Received By Job
	Partitionable Resources :    Usage  Request Allocated
	   Cpus                 :                 1         1
	   Disk (KB)            :       10       10   9033543
	   Memory (MB)          :      684     3000      3000
...
005 (4384775.000.000) 08/21 16:24:15 Job terminated.
	(1) Normal termination (return value 0)
		Usr 0 00:03:45, Sys 0 00:00:04  -  Run Remote Usage
		Usr 0 00:00:00, Sys 0 00:00:00  -  Run Local Usage
		Usr 0 00:03:45, Sys 0 00:00:04  -  Total Remote Usage
		Usr 0 00:00:00, Sys 0 00:00:00  -  Total Local Usage
	0  -  Run Bytes Sent By Job
	0  -  Run Bytes Received By Job
	0  -  Total Bytes Sent By Job
	0  -  Total Bytes Received By Job
	Partitionable Resources :    Usage  Request Allocated
	   Cpus                 :                 1         1
	   Disk (KB)            :       10       10   9027616
	   Memory (MB)          :      684     3000      3000
...
005 (4384781.000.000) 08/21 16:24:17 Job terminated.
	(1) Normal termination (return value 0)
		Usr 0 00:03:45, Sys 0 00:00:06  -  Run Remote Usage
		Usr 0 00:00:00, Sys 0 00:00:00  -  Run Local Usage
		Usr 0 00:03:45, Sys 0 00:00:06  -  Total Remote Usage
		Usr 0 00:00:00, Sys 0 00:00:00  -  Total Local Usage
	0  -  Run Bytes Sent By Job
	0  -  Run Bytes Received By Job
	0  -  Total Bytes Sent By Job
	0  -  Total Bytes Received By Job
	Partitionable Resources :    Usage  Request Allocated
	   Cpus                 :                 1         1
	   Disk (KB)            :       10       10   9027616
	   Memory (MB)          :      685     3000      3000
...
005 (4384773.000.000) 08/21 16:24:18 Job terminated.
	(1) Normal termination (return value 0)
		Usr 0 00:03:48, Sys 0 00:00:04  -  Run Remote Usage
		Usr 0 00:00:00, Sys 0 00:00:00  -  Run Local Usage
		Usr 0 00:03:48, Sys 0 00:00:04  -  Total Remote Usage
		Usr 0 00:00:00, Sys 0 00:00:00  -  Total Local Usage
	0  -  Run Bytes Sent By Job
	0  -  Run Bytes Received By Job
	0  -  Total Bytes Sent By Job
	0  -  Total Bytes Received By Job
	Partitionable Resources :    Usage  Request Allocated
	   Cpus                 :                 1         1
	   Disk (KB)            :       10       10   9033543
	   Memory (MB)          :      684     3000      3000
...
005 (4384778.000.000) 08/21 16:24:20 Job terminated.
	(1) Normal termination (return value 0)
		Usr 0 00:03:47, Sys 0 00:00:06  -  Run Remote Usage
		Usr 0 00:00:00, Sys 0 00:00:00  -  Run Local Usage
		Usr 0 00:03:47, Sys 0 00:00:06  -  Total Remote Usage
		Usr 0 00:00:00, Sys 0 00:00:00  -  Total Local Usage
	0  -  Run Bytes Sent By Job
	0  -  Run Bytes Received By Job
	0  -  Total Bytes Sent By Job
	0  -  Total Bytes Received By Job
	Partitionable Resources :    Usage  Request Allocated
	   Cpus                 :                 1         1
	   Disk (KB)            :       10       10   9027616
	   Memory (MB)          :      684     3000      3000
...
005 (4384751.000.000) 08/21 16:24:48 Job terminated.
	(1) Normal termination (return value 0)
		Usr 0 00:04:58, Sys 0 00:00:03  -  Run Remote Usage
		Usr 0 00:00:00, Sys 0 00:00:00  -  Run Local Usage
		Usr 0 00:04:58, Sys 0 00:00:03  -  Total Remote Usage
		Usr 0 00:00:00, Sys 0 00:00:00  -  Total Local Usage
	0  -  Run Bytes Sent By Job
	0  -  Run Bytes Received By Job
	0  -  Total Bytes Sent By Job
	0  -  Total Bytes Received By Job
	Partitionable Resources :    Usage  Request Allocated
	   Cpus                 :                 1         1
	   Disk (KB)            :       10       10   9067927
	   Gpus                 :                           0
	   Memory (MB)          :      682     3000      3000
...
005 (4384754.000.000) 08/21 16:25:08 Job terminated.
	(1) Normal termination (return value 0)
		Usr 0 00:04:58, Sys 0 00:00:04  -  Run Remote Usage
		Usr 0 00:00:00, Sys 0 00:00:00  -  Run Local Usage
		Usr 0 00:04:58, Sys 0 00:00:04  -  Total Remote Usage
		Usr 0 00:00:00, Sys 0 00:00:00  -  Total Local Usage
	0  -  Run Bytes Sent By Job
	0  -  Run Bytes Received By Job
	0  -  Total Bytes Sent By Job
	0  -  Total Bytes Received By Job
	Partitionable Resources :    Usage  Request Allocated
	   Cpus                 :                 1         1
	   Disk (KB)            :       10       10   9067927
	   Gpus                 :                           0
	   Memory (MB)          :      683     3000      3000
...
005 (4384770.000.000) 08/21 16:25:08 Job terminated.
	(1) Normal termination (return value 0)
		Usr 0 00:04:58, Sys 0 00:00:04  -  Run Remote Usage
		Usr 0 00:00:00, Sys 0 00:00:00  -  Run Local Usage
		Usr 0 00:04:58, Sys 0 00:00:04  -  Total Remote Usage
		Usr 0 00:00:00, Sys 0 00:00:00  -  Total Local Usage
	0  -  Run Bytes Sent By Job
	0  -  Run Bytes Received By Job
	0  -  Total Bytes Sent By Job
	0  -  Total Bytes Received By Job
	Partitionable Resources :    Usage  Request Allocated
	   Cpus                 :                 1         1
	   Disk (KB)            :       10       10   9067927
	   Gpus                 :                           0
	   Memory (MB)          :      684     3000      3000
...
005 (4384756.000.000) 08/21 16:25:09 Job terminated.
	(1) Normal termination (return value 0)
		Usr 0 00:04:59, Sys 0 00:00:04  -  Run Remote Usage
		Usr 0 00:00:00, Sys 0 00:00:00  -  Run Local Usage
		Usr 0 00:04:59, Sys 0 00:00:04  -  Total Remote Usage
		Usr 0 00:00:00, Sys 0 00:00:00  -  Total Local Usage
	0  -  Run Bytes Sent By Job
	0  -  Run Bytes Received By Job
	0  -  Total Bytes Sent By Job
	0  -  Total Bytes Received By Job
	Partitionable Resources :    Usage  Request Allocated
	   Cpus                 :                 1         1
	   Disk (KB)            :       10       10   9067927
	   Gpus                 :                           0
	   Memory (MB)          :      683     3000      3000
...
005 (4384749.000.000) 08/21 16:25:12 Job terminated.
	(1) Normal termination (return value 0)
		Usr 0 00:05:21, Sys 0 00:00:04  -  Run Remote Usage
		Usr 0 00:00:00, Sys 0 00:00:00  -  Run Local Usage
		Usr 0 00:05:21, Sys 0 00:00:04  -  Total Remote Usage
		Usr 0 00:00:00, Sys 0 00:00:00  -  Total Local Usage
	0  -  Run Bytes Sent By Job
	0  -  Run Bytes Received By Job
	0  -  Total Bytes Sent By Job
	0  -  Total Bytes Received By Job
	Partitionable Resources :    Usage  Request Allocated
	   Cpus                 :                 1         1
	   Disk (KB)            :       10       10   9067927
	   Gpus                 :                           0
	   Memory (MB)          :     1735     3000      3000
...
005 (4384774.000.000) 08/21 16:25:26 Job terminated.
	(1) Normal termination (return value 0)
		Usr 0 00:04:56, Sys 0 00:00:03  -  Run Remote Usage
		Usr 0 00:00:00, Sys 0 00:00:00  -  Run Local Usage
		Usr 0 00:04:56, Sys 0 00:00:03  -  Total Remote Usage
		Usr 0 00:00:00, Sys 0 00:00:00  -  Total Local Usage
	0  -  Run Bytes Sent By Job
	0  -  Run Bytes Received By Job
	0  -  Total Bytes Sent By Job
	0  -  Total Bytes Received By Job
	Partitionable Resources :    Usage  Request Allocated
	   Cpus                 :                 1         1
	   Disk (KB)            :       10       10   9067927
	   Gpus                 :                           0
	   Memory (MB)          :      683     3000      3000
...
005 (4384762.000.000) 08/21 16:25:27 Job terminated.
	(1) Normal termination (return value 0)
		Usr 0 00:05:17, Sys 0 00:00:04  -  Run Remote Usage
		Usr 0 00:00:00, Sys 0 00:00:00  -  Run Local Usage
		Usr 0 00:05:17, Sys 0 00:00:04  -  Total Remote Usage
		Usr 0 00:00:00, Sys 0 00:00:00  -  Total Local Usage
	0  -  Run Bytes Sent By Job
	0  -  Run Bytes Received By Job
	0  -  Total Bytes Sent By Job
	0  -  Total Bytes Received By Job
	Partitionable Resources :    Usage  Request Allocated
	   Cpus                 :                 1         1
	   Disk (KB)            :       10       10   9067927
	   Gpus                 :                           0
	   Memory (MB)          :     1557     3000      3000
...
005 (4384776.000.000) 08/21 16:25:27 Job terminated.
	(1) Normal termination (return value 0)
		Usr 0 00:04:57, Sys 0 00:00:03  -  Run Remote Usage
		Usr 0 00:00:00, Sys 0 00:00:00  -  Run Local Usage
		Usr 0 00:04:57, Sys 0 00:00:03  -  Total Remote Usage
		Usr 0 00:00:00, Sys 0 00:00:00  -  Total Local Usage
	0  -  Run Bytes Sent By Job
	0  -  Run Bytes Received By Job
	0  -  Total Bytes Sent By Job
	0  -  Total Bytes Received By Job
	Partitionable Resources :    Usage  Request Allocated
	   Cpus                 :                 1         1
	   Disk (KB)            :       10       10   9067927
	   Gpus                 :                           0
	   Memory (MB)          :      683     3000      3000
...
005 (4384758.000.000) 08/21 16:25:29 Job terminated.
	(1) Normal termination (return value 0)
		Usr 0 00:05:19, Sys 0 00:00:04  -  Run Remote Usage
		Usr 0 00:00:00, Sys 0 00:00:00  -  Run Local Usage
		Usr 0 00:05:19, Sys 0 00:00:04  -  Total Remote Usage
		Usr 0 00:00:00, Sys 0 00:00:00  -  Total Local Usage
	0  -  Run Bytes Sent By Job
	0  -  Run Bytes Received By Job
	0  -  Total Bytes Sent By Job
	0  -  Total Bytes Received By Job
	Partitionable Resources :    Usage  Request Allocated
	   Cpus                 :                 1         1
	   Disk (KB)            :       10       10   9067927
	   Gpus                 :                           0
	   Memory (MB)          :     1873     3000      3000
...
005 (4384766.000.000) 08/21 16:25:30 Job terminated.
	(1) Normal termination (return value 0)
		Usr 0 00:05:20, Sys 0 00:00:04  -  Run Remote Usage
		Usr 0 00:00:00, Sys 0 00:00:00  -  Run Local Usage
		Usr 0 00:05:20, Sys 0 00:00:04  -  Total Remote Usage
		Usr 0 00:00:00, Sys 0 00:00:00  -  Total Local Usage
	0  -  Run Bytes Sent By Job
	0  -  Run Bytes Received By Job
	0  -  Total Bytes Sent By Job
	0  -  Total Bytes Received By Job
	Partitionable Resources :    Usage  Request Allocated
	   Cpus                 :                 1         1
	   Disk (KB)            :       10       10   9067927
	   Gpus                 :                           0
	   Memory (MB)          :     1873     3000      3000
...
005 (4384780.000.000) 08/21 16:25:51 Job terminated.
	(1) Normal termination (return value 0)
		Usr 0 00:05:20, Sys 0 00:00:04  -  Run Remote Usage
		Usr 0 00:00:00, Sys 0 00:00:00  -  Run Local Usage
		Usr 0 00:05:20, Sys 0 00:00:04  -  Total Remote Usage
		Usr 0 00:00:00, Sys 0 00:00:00  -  Total Local Usage
	0  -  Run Bytes Sent By Job
	0  -  Run Bytes Received By Job
	0  -  Total Bytes Sent By Job
	0  -  Total Bytes Received By Job
	Partitionable Resources :    Usage  Request Allocated
	   Cpus                 :                 1         1
	   Disk (KB)            :       10       10   9067927
	   Gpus                 :                           0
	   Memory (MB)          :     1650     3000      3000
...
005 (4384747.000.000) 08/21 16:29:20 Job terminated.
	(1) Normal termination (return value 0)
		Usr 0 00:09:25, Sys 0 00:00:09  -  Run Remote Usage
		Usr 0 00:00:00, Sys 0 00:00:00  -  Run Local Usage
		Usr 0 00:09:25, Sys 0 00:00:09  -  Total Remote Usage
		Usr 0 00:00:00, Sys 0 00:00:00  -  Total Local Usage
	0  -  Run Bytes Sent By Job
	0  -  Run Bytes Received By Job
	0  -  Total Bytes Sent By Job
	0  -  Total Bytes Received By Job
	Partitionable Resources :    Usage  Request Allocated
	   Cpus                 :                 1         1
	   Disk (KB)            :       10       10   6751806
	   Memory (MB)          :     1601     3000      3000
...
005 (4384768.000.000) 08/21 16:29:32 Job terminated.
	(1) Normal termination (return value 0)
		Usr 0 00:09:18, Sys 0 00:00:08  -  Run Remote Usage
		Usr 0 00:00:00, Sys 0 00:00:00  -  Run Local Usage
		Usr 0 00:09:18, Sys 0 00:00:08  -  Total Remote Usage
		Usr 0 00:00:00, Sys 0 00:00:00  -  Total Local Usage
	0  -  Run Bytes Sent By Job
	0  -  Run Bytes Received By Job
	0  -  Total Bytes Sent By Job
	0  -  Total Bytes Received By Job
	Partitionable Resources :    Usage  Request Allocated
	   Cpus                 :                 1         1
	   Disk (KB)            :       10       10   6751806
	   Memory (MB)          :     1250     3000      3000
...
005 (4384752.000.000) 08/21 16:29:37 Job terminated.
	(1) Normal termination (return value 0)
		Usr 0 00:09:22, Sys 0 00:00:08  -  Run Remote Usage
		Usr 0 00:00:00, Sys 0 00:00:00  -  Run Local Usage
		Usr 0 00:09:22, Sys 0 00:00:08  -  Total Remote Usage
		Usr 0 00:00:00, Sys 0 00:00:00  -  Total Local Usage
	0  -  Run Bytes Sent By Job
	0  -  Run Bytes Received By Job
	0  -  Total Bytes Sent By Job
	0  -  Total Bytes Received By Job
	Partitionable Resources :    Usage  Request Allocated
	   Cpus                 :                 1         1
	   Disk (KB)            :       10       10   6751806
	   Memory (MB)          :     1709     3000      3000
...
005 (4384763.000.000) 08/21 16:29:40 Job terminated.
	(1) Normal termination (return value 0)
		Usr 0 00:09:24, Sys 0 00:00:09  -  Run Remote Usage
		Usr 0 00:00:00, Sys 0 00:00:00  -  Run Local Usage
		Usr 0 00:09:24, Sys 0 00:00:09  -  Total Remote Usage
		Usr 0 00:00:00, Sys 0 00:00:00  -  Total Local Usage
	0  -  Run Bytes Sent By Job
	0  -  Run Bytes Received By Job
	0  -  Total Bytes Sent By Job
	0  -  Total Bytes Received By Job
	Partitionable Resources :    Usage  Request Allocated
	   Cpus                 :                 1         1
	   Disk (KB)            :       10       10   6751806
	   Memory (MB)          :     1601     3000      3000
...
005 (4384759.000.000) 08/21 16:29:46 Job terminated.
	(1) Normal termination (return value 0)
		Usr 0 00:09:31, Sys 0 00:00:09  -  Run Remote Usage
		Usr 0 00:00:00, Sys 0 00:00:00  -  Run Local Usage
		Usr 0 00:09:31, Sys 0 00:00:09  -  Total Remote Usage
		Usr 0 00:00:00, Sys 0 00:00:00  -  Total Local Usage
	0  -  Run Bytes Sent By Job
	0  -  Run Bytes Received By Job
	0  -  Total Bytes Sent By Job
	0  -  Total Bytes Received By Job
	Partitionable Resources :    Usage  Request Allocated
	   Cpus                 :                 1         1
	   Disk (KB)            :       10       10   6751806
	   Memory (MB)          :     2097     3000      3000
...
005 (4384772.000.000) 08/21 16:29:58 Job terminated.
	(1) Normal termination (return value 0)
		Usr 0 00:09:23, Sys 0 00:00:09  -  Run Remote Usage
		Usr 0 00:00:00, Sys 0 00:00:00  -  Run Local Usage
		Usr 0 00:09:23, Sys 0 00:00:09  -  Total Remote Usage
		Usr 0 00:00:00, Sys 0 00:00:00  -  Total Local Usage
	0  -  Run Bytes Sent By Job
	0  -  Run Bytes Received By Job
	0  -  Total Bytes Sent By Job
	0  -  Total Bytes Received By Job
	Partitionable Resources :    Usage  Request Allocated
	   Cpus                 :                 1         1
	   Disk (KB)            :       10       10   6751806
	   Memory (MB)          :     1601     3000      3000
...
005 (4384779.000.000) 08/21 16:30:03 Job terminated.
	(1) Normal termination (return value 0)
		Usr 0 00:09:26, Sys 0 00:00:10  -  Run Remote Usage
		Usr 0 00:00:00, Sys 0 00:00:00  -  Run Local Usage
		Usr 0 00:09:26, Sys 0 00:00:10  -  Total Remote Usage
		Usr 0 00:00:00, Sys 0 00:00:00  -  Total Local Usage
	0  -  Run Bytes Sent By Job
	0  -  Run Bytes Received By Job
	0  -  Total Bytes Sent By Job
	0  -  Total Bytes Received By Job
	Partitionable Resources :    Usage  Request Allocated
	   Cpus                 :                 1         1
	   Disk (KB)            :       10       10   6751806
	   Memory (MB)          :     1601     3000      3000
...
